Число узлов n = 11	Число Ветвей m = 13
     Входные данные для расчета потокораспределения
           У з л ы    с е т и 
 Узел   Тип  Uном        P        Q        g           b 
  250    3    525        0        0        0           0
  230    1    500      300      150        0           0
  213    1    500      300      150        0    -0.00152
  382    1    500      200       80        0           0
  231    2    500        0        0        0           0
  431    1    500      450      370        0    -0.00304
  442    1    500        0        0        0           0
  272    1    500        0        0        0           0
  280    1    500      230      130        0           0
  320    1    500        0        0        0    -0.00304
  350    2    500      330      100        0    -0.00304
  300    1    500      250      130        0           0

               В е т в и    с е т и
   N1   N2        r         x            b           g       Kt 
  230  382       0.1        26      0.000319         0        1
  213  230       0.1        16        0.0004         0        1
  431  213       0.1      31.3       0.00038         0        1
  272  213       0.1        33       0.00176         0        1
  442  213       0.1     30.36      0.000716         0        1
  272  442       0.3        47       0.00057         0        1
  442  231       0.3        47       0.00057         0        1
  280  272       0.1        78       0.00109         0        1
  300  272       0.1      49.5      0.000655         0        1
  320  350     4.777     49.69     0.0006179         0        1
  280  350       0.1        41      0.000528         0        1
  250  280       0.1        41      0.000528         0        1
  250  300       0.1      37.2      0.000422         0        1

1        50.8
2        4.79
3       0.525
4      0.0119
5    0.000266
