Число узлов n = 8	Число Ветвей m = 10
     Входные данные для расчета потокораспределения
           У з л ы    с е т и 
 Узел   Тип  Uном        P        Q        g           b 
    8    3    223   -343.5     -120        0           0
    1    1    220       80       50        0           0
    2    1    220      172       73        0           0
    3    1    110    135.6       63        0           0
    4    1    220     64.5     36.8        0           0
    5    1    220      232      155        0           0
    6    2    220  -120.64      -50        0           0
    7    2    220  -125.49      -60        0           0
    9    2    220   -94.64      -40        0           0

               В е т в и    с е т и
   N1   N2        r         x            b           g       Kt 
    8    1       2.5      15.4      0.000432         0        1
    1    2       2.5      15.4      0.000432         0        1
    2    3      0.97      16.2            -0         0      0.5
    2    4      0.35      2.02       6.2e-05         0        1
    3    7      1.28      3.02       8.5e-05         0        1
    7    4      0.97      16.8            -0         0      0.5
    2    5      0.94       5.8      0.000163         0        1
    4    5      0.98         6      0.000168         0        1
    5    6       2.5      15.4      0.000432         0        1
    6    9       2.5      15.4      0.000432         0        1

1    3.12e+03
2     9.9e+05
3    2.49e+05
4    6.28e+04
5    1.63e+04
6    4.66e+03
